

Started GET "/assets/rails.png" for 127.0.0.1 at 2013-09-30 18:56:57 -0700
Connecting to database specified by database.yml
Served asset /rails.png - 304 Not Modified (268ms)


Started GET "/movies" for 127.0.0.1 at 2013-09-30 18:57:00 -0700
Processing by MoviesController#index as HTML
Completed 500 Internal Server Error in 2ms

ActiveRecord::StatementInvalid (Could not find table 'movies'):
  app/controllers/movies_controller.rb:10:in `index'


  Rendered /home/saasbook/.rvm/gems/ruby-1.9.3-p448/gems/actionpack-3.2.14/lib/action_dispatch/middleware/templates/rescues/_trace.erb (7.2ms)
  Rendered /home/saasbook/.rvm/gems/ruby-1.9.3-p448/gems/actionpack-3.2.14/lib/action_dispatch/middleware/templates/rescues/_request_and_response.erb (1.9ms)
  Rendered /home/saasbook/.rvm/gems/ruby-1.9.3-p448/gems/actionpack-3.2.14/lib/action_dispatch/middleware/templates/rescues/diagnostics.erb within rescues/layout (209.4ms)
Connecting to database specified by database.yml
Connecting to database specified by database.yml
  [1m[36m (0.2ms)[0m  [1mselect sqlite_version(*)[0m
  [1m[35m (56.2ms)[0m  CREATE TABLE "schema_migrations" ("version" varchar(255) NOT NULL) 
  [1m[36m (37.0ms)[0m  [1mCREATE UNIQUE INDEX "unique_schema_migrations" ON "schema_migrations" ("version")[0m
  [1m[35m (15.7ms)[0m  SELECT "schema_migrations"."version" FROM "schema_migrations" 
Migrating to CreateMovies (20111119180638)
  [1m[36m (0.1ms)[0m  [1mbegin transaction[0m
  [1m[35m (7.9ms)[0m  CREATE TABLE "movies" ("id" INTEGER PRIMARY KEY AUTOINCREMENT NOT NULL, "title" varchar(255), "rating" varchar(255), "description" text, "release_date" datetime, "created_at" datetime NOT NULL, "updated_at" datetime NOT NULL) 
  [1m[36m (1.2ms)[0m  [1mINSERT INTO "schema_migrations" ("version") VALUES ('20111119180638')[0m
  [1m[35m (1.9ms)[0m  commit transaction
  [1m[36m (1.5ms)[0m  [1mSELECT "schema_migrations"."version" FROM "schema_migrations" [0m


Started GET "/assets/rails.png" for 127.0.0.1 at 2014-05-29 07:34:26 -0700
Connecting to database specified by database.yml
Served asset /rails.png - 200 OK (20ms)


Started GET "/movie" for 127.0.0.1 at 2014-05-29 18:23:11 -0700
Connecting to database specified by database.yml

ActionController::RoutingError (No route matches [GET] "/movie"):
  actionpack (3.2.14) lib/action_dispatch/middleware/debug_exceptions.rb:21:in `call'
  actionpack (3.2.14) lib/action_dispatch/middleware/show_exceptions.rb:56:in `call'
  railties (3.2.14) lib/rails/rack/logger.rb:32:in `call_app'
  railties (3.2.14) lib/rails/rack/logger.rb:16:in `block in call'
  activesupport (3.2.14) lib/active_support/tagged_logging.rb:22:in `tagged'
  railties (3.2.14) lib/rails/rack/logger.rb:16:in `call'
  actionpack (3.2.14) lib/action_dispatch/middleware/request_id.rb:22:in `call'
  rack (1.4.5) lib/rack/methodoverride.rb:21:in `call'
  rack (1.4.5) lib/rack/runtime.rb:17:in `call'
  activesupport (3.2.14) lib/active_support/cache/strategy/local_cache.rb:72:in `call'
  rack (1.4.5) lib/rack/lock.rb:15:in `call'
  actionpack (3.2.14) lib/action_dispatch/middleware/static.rb:63:in `call'
  railties (3.2.14) lib/rails/engine.rb:484:in `call'
  railties (3.2.14) lib/rails/application.rb:231:in `call'
  rack (1.4.5) lib/rack/content_length.rb:14:in `call'
  railties (3.2.14) lib/rails/rack/log_tailer.rb:17:in `call'
  rack (1.4.5) lib/rack/handler/webrick.rb:59:in `service'
  /home/saasbook/.rvm/rubies/ruby-1.9.3-p448/lib/ruby/1.9.1/webrick/httpserver.rb:138:in `service'
  /home/saasbook/.rvm/rubies/ruby-1.9.3-p448/lib/ruby/1.9.1/webrick/httpserver.rb:94:in `run'
  /home/saasbook/.rvm/rubies/ruby-1.9.3-p448/lib/ruby/1.9.1/webrick/server.rb:191:in `block in start_thread'


  Rendered /home/saasbook/.rvm/gems/ruby-1.9.3-p448/gems/actionpack-3.2.14/lib/action_dispatch/middleware/templates/rescues/routing_error.erb within rescues/layout (25.1ms)


Started GET "/movies" for 127.0.0.1 at 2014-05-29 18:23:19 -0700
Processing by MoviesController#index as HTML
  [1m[36mMovie Load (0.2ms)[0m  [1mSELECT "movies".* FROM "movies" [0m
  Rendered movies/index.html.haml within layouts/application (32.2ms)
Compiled application.css  (0ms)  (pid 2250)
Compiled jquery.js  (10ms)  (pid 2250)
Compiled jquery_ujs.js  (0ms)  (pid 2250)
Compiled application.js  (71ms)  (pid 2250)
Completed 200 OK in 164ms (Views: 157.7ms | ActiveRecord: 0.2ms)


Started GET "/assets/jquery.js?body=1" for 127.0.0.1 at 2014-05-29 18:23:19 -0700
Served asset /jquery.js - 200 OK (85ms)


Started GET "/assets/jquery_ujs.js?body=1" for 127.0.0.1 at 2014-05-29 18:23:19 -0700
Served asset /jquery_ujs.js - 200 OK (10ms)


Started GET "/movies/new" for 127.0.0.1 at 2014-05-29 18:25:37 -0700
Processing by MoviesController#new as HTML
  Rendered movies/new.html.haml within layouts/application (66.1ms)
Completed 200 OK in 90ms (Views: 89.0ms | ActiveRecord: 0.0ms)


Started GET "/movies" for 127.0.0.1 at 2014-05-29 18:33:46 -0700
Connecting to database specified by database.yml
Processing by MoviesController#index as HTML
  [1m[36mMovie Load (0.2ms)[0m  [1mSELECT "movies".* FROM "movies" [0m
  Rendered movies/index.html.haml within layouts/application (11.4ms)
Completed 200 OK in 68ms (Views: 60.2ms | ActiveRecord: 0.2ms)


Started GET "/assets/jquery.js?body=1" for 127.0.0.1 at 2014-05-29 18:33:47 -0700
Served asset /jquery.js - 200 OK (8ms)


Started GET "/assets/jquery_ujs.js?body=1" for 127.0.0.1 at 2014-05-29 18:33:47 -0700
Served asset /jquery_ujs.js - 200 OK (15ms)


Started GET "/movies/1" for 127.0.0.1 at 2014-05-29 18:33:59 -0700
Processing by MoviesController#show as HTML
  Parameters: {"id"=>"1"}
  [1m[35mMovie Load (5.6ms)[0m  SELECT "movies".* FROM "movies" WHERE "movies"."id" = ? LIMIT 1  [["id", "1"]]
  Rendered movies/show.html.haml within layouts/application (4.0ms)
Completed 200 OK in 19ms (Views: 10.8ms | ActiveRecord: 5.6ms)


Started GET "/assets/jquery.js?body=1" for 127.0.0.1 at 2014-05-29 18:33:59 -0700
Served asset /jquery.js - 304 Not Modified (15ms)


Started GET "/assets/jquery_ujs.js?body=1" for 127.0.0.1 at 2014-05-29 18:33:59 -0700
Served asset /jquery_ujs.js - 304 Not Modified (0ms)


Started GET "/movies/new" for 127.0.0.1 at 2014-05-29 18:34:06 -0700
Processing by MoviesController#new as HTML
  Rendered movies/new.html.haml within layouts/application (23.2ms)
Completed 200 OK in 40ms (Views: 39.2ms | ActiveRecord: 0.0ms)


Started GET "/assets/jquery.js?body=1" for 127.0.0.1 at 2014-05-29 18:34:06 -0700
Served asset /jquery.js - 304 Not Modified (9ms)


Started GET "/assets/jquery_ujs.js?body=1" for 127.0.0.1 at 2014-05-29 18:34:06 -0700
Served asset /jquery_ujs.js - 304 Not Modified (0ms)


Started GET "/movies/update" for 127.0.0.1 at 2014-05-29 18:34:10 -0700
Processing by MoviesController#show as HTML
  Parameters: {"id"=>"update"}
  [1m[36mMovie Load (0.2ms)[0m  [1mSELECT "movies".* FROM "movies" WHERE "movies"."id" = ? LIMIT 1[0m  [["id", "update"]]
Completed 404 Not Found in 2ms

ActiveRecord::RecordNotFound (Couldn't find Movie with id=update):
  app/controllers/movies_controller.rb:5:in `show'


  Rendered /home/saasbook/.rvm/gems/ruby-1.9.3-p448/gems/actionpack-3.2.14/lib/action_dispatch/middleware/templates/rescues/_trace.erb (1.4ms)
  Rendered /home/saasbook/.rvm/gems/ruby-1.9.3-p448/gems/actionpack-3.2.14/lib/action_dispatch/middleware/templates/rescues/_request_and_response.erb (1.1ms)
  Rendered /home/saasbook/.rvm/gems/ruby-1.9.3-p448/gems/actionpack-3.2.14/lib/action_dispatch/middleware/templates/rescues/diagnostics.erb within rescues/layout (20.0ms)


Started GET "/movies/show" for 127.0.0.1 at 2014-05-29 18:46:13 -0700
Processing by MoviesController#show as HTML
  Parameters: {"id"=>"show"}
  [1m[35mMovie Load (0.9ms)[0m  SELECT "movies".* FROM "movies" WHERE "movies"."id" = ? LIMIT 1  [["id", "show"]]
Completed 404 Not Found in 2ms

ActiveRecord::RecordNotFound (Couldn't find Movie with id=show):
  app/controllers/movies_controller.rb:5:in `show'


  Rendered /home/saasbook/.rvm/gems/ruby-1.9.3-p448/gems/actionpack-3.2.14/lib/action_dispatch/middleware/templates/rescues/_trace.erb (1.3ms)
  Rendered /home/saasbook/.rvm/gems/ruby-1.9.3-p448/gems/actionpack-3.2.14/lib/action_dispatch/middleware/templates/rescues/_request_and_response.erb (6.8ms)
  Rendered /home/saasbook/.rvm/gems/ruby-1.9.3-p448/gems/actionpack-3.2.14/lib/action_dispatch/middleware/templates/rescues/diagnostics.erb within rescues/layout (31.8ms)


Started GET "/movies/new" for 127.0.0.1 at 2014-05-29 18:46:19 -0700
Processing by MoviesController#new as HTML
  Rendered movies/new.html.haml within layouts/application (14.0ms)
Compiled application.css  (0ms)  (pid 2505)
Completed 200 OK in 54ms (Views: 53.9ms | ActiveRecord: 0.0ms)


Started GET "/assets/jquery_ujs.js?body=1" for 127.0.0.1 at 2014-05-29 18:46:19 -0700
Served asset /jquery_ujs.js - 304 Not Modified (6ms)


Started GET "/assets/jquery.js?body=1" for 127.0.0.1 at 2014-05-29 18:46:19 -0700
Served asset /jquery.js - 304 Not Modified (1ms)


Started GET "/movies/new" for 127.0.0.1 at 2014-05-29 18:49:41 -0700
Processing by MoviesController#new as HTML
  Rendered movies/new.html.haml within layouts/application (3.8ms)
Completed 200 OK in 16ms (Views: 15.3ms | ActiveRecord: 0.0ms)


Started GET "/assets/jquery.js?body=1" for 127.0.0.1 at 2014-05-29 18:49:41 -0700
Served asset /jquery.js - 304 Not Modified (1ms)


Started GET "/assets/jquery_ujs.js?body=1" for 127.0.0.1 at 2014-05-29 18:49:41 -0700
Served asset /jquery_ujs.js - 304 Not Modified (11ms)


Started POST "/movies" for 127.0.0.1 at 2014-05-29 18:49:50 -0700
Processing by MoviesController#create as HTML
  Parameters: {"utf8"=>"✓", "authenticity_token"=>"N0Rv4awJeX5C4BACgQCu4BNhkxGzD40KswrdbLEYk14=", "movie"=>{"title"=>"Lust Caution", "rating"=>"G", "release_date(1i)"=>"2014", "release_date(2i)"=>"5", "release_date(3i)"=>"30"}, "commit"=>"Save Changes"}
  [1m[36m (0.1ms)[0m  [1mbegin transaction[0m
  [1m[35mSQL (34.4ms)[0m  INSERT INTO "movies" ("created_at", "description", "rating", "release_date", "title", "updated_at") VALUES (?, ?, ?, ?, ?, ?)  [["created_at", Fri, 30 May 2014 01:49:50 UTC +00:00], ["description", nil], ["rating", "G"], ["release_date", Fri, 30 May 2014 00:00:00 UTC +00:00], ["title", "Lust Caution"], ["updated_at", Fri, 30 May 2014 01:49:50 UTC +00:00]]
  [1m[36m (120.7ms)[0m  [1mcommit transaction[0m
Redirected to http://localhost:3000/movies
Completed 302 Found in 167ms (ActiveRecord: 155.2ms)


Started GET "/movies" for 127.0.0.1 at 2014-05-29 18:49:50 -0700
Processing by MoviesController#index as HTML
  [1m[35mMovie Load (0.1ms)[0m  SELECT "movies".* FROM "movies" 
  Rendered movies/index.html.haml within layouts/application (1.3ms)
Completed 200 OK in 25ms (Views: 23.8ms | ActiveRecord: 0.1ms)


Started GET "/assets/jquery_ujs.js?body=1" for 127.0.0.1 at 2014-05-29 18:49:50 -0700
Served asset /jquery_ujs.js - 304 Not Modified (0ms)


Started GET "/assets/jquery.js?body=1" for 127.0.0.1 at 2014-05-29 18:49:50 -0700
Served asset /jquery.js - 304 Not Modified (5ms)


Started GET "/movies/2" for 127.0.0.1 at 2014-05-29 18:50:01 -0700
Processing by MoviesController#show as HTML
  Parameters: {"id"=>"2"}
  [1m[36mMovie Load (0.3ms)[0m  [1mSELECT "movies".* FROM "movies" WHERE "movies"."id" = ? LIMIT 1[0m  [["id", "2"]]
  Rendered movies/show.html.haml within layouts/application (2.9ms)
Completed 200 OK in 18ms (Views: 16.5ms | ActiveRecord: 0.3ms)


Started GET "/assets/jquery.js?body=1" for 127.0.0.1 at 2014-05-29 18:50:01 -0700
Served asset /jquery.js - 304 Not Modified (13ms)


Started GET "/assets/jquery_ujs.js?body=1" for 127.0.0.1 at 2014-05-29 18:50:01 -0700
Served asset /jquery_ujs.js - 304 Not Modified (0ms)


Started GET "/movies" for 127.0.0.1 at 2014-05-29 18:50:04 -0700
Processing by MoviesController#index as HTML
  [1m[35mMovie Load (0.2ms)[0m  SELECT "movies".* FROM "movies" 
  Rendered movies/index.html.haml within layouts/application (1.4ms)
Completed 200 OK in 9ms (Views: 8.5ms | ActiveRecord: 0.2ms)


Started GET "/assets/jquery.js?body=1" for 127.0.0.1 at 2014-05-29 18:50:04 -0700
Served asset /jquery.js - 304 Not Modified (11ms)


Started GET "/assets/jquery_ujs.js?body=1" for 127.0.0.1 at 2014-05-29 18:50:04 -0700
Served asset /jquery_ujs.js - 304 Not Modified (0ms)


Started GET "/movies/2" for 127.0.0.1 at 2014-05-29 18:50:06 -0700
Processing by MoviesController#show as HTML
  Parameters: {"id"=>"2"}
  [1m[36mMovie Load (0.1ms)[0m  [1mSELECT "movies".* FROM "movies" WHERE "movies"."id" = ? LIMIT 1[0m  [["id", "2"]]
  Rendered movies/show.html.haml within layouts/application (1.5ms)
Completed 200 OK in 15ms (Views: 13.6ms | ActiveRecord: 0.1ms)


Started GET "/assets/jquery_ujs.js?body=1" for 127.0.0.1 at 2014-05-29 18:50:06 -0700
Served asset /jquery_ujs.js - 304 Not Modified (12ms)


Started GET "/assets/jquery.js?body=1" for 127.0.0.1 at 2014-05-29 18:50:06 -0700
Served asset /jquery.js - 304 Not Modified (14ms)


Started GET "/movies" for 127.0.0.1 at 2014-05-29 18:50:08 -0700
Processing by MoviesController#index as HTML
  [1m[35mMovie Load (0.2ms)[0m  SELECT "movies".* FROM "movies" 
  Rendered movies/index.html.haml within layouts/application (39.4ms)
Completed 200 OK in 66ms (Views: 64.8ms | ActiveRecord: 0.2ms)


Started GET "/assets/jquery.js?body=1" for 127.0.0.1 at 2014-05-29 18:50:08 -0700
Served asset /jquery.js - 304 Not Modified (2ms)


Started GET "/assets/jquery_ujs.js?body=1" for 127.0.0.1 at 2014-05-29 18:50:08 -0700
Served asset /jquery_ujs.js - 304 Not Modified (0ms)


Started GET "/movies/new" for 127.0.0.1 at 2014-05-29 18:50:29 -0700
Processing by MoviesController#new as HTML
  Rendered movies/new.html.haml within layouts/application (3.7ms)
Completed 200 OK in 18ms (Views: 17.8ms | ActiveRecord: 0.0ms)


Started GET "/assets/jquery.js?body=1" for 127.0.0.1 at 2014-05-29 18:50:29 -0700
Served asset /jquery.js - 304 Not Modified (11ms)


Started GET "/assets/jquery_ujs.js?body=1" for 127.0.0.1 at 2014-05-29 18:50:29 -0700
Served asset /jquery_ujs.js - 304 Not Modified (0ms)


Started GET "/movies/new" for 127.0.0.1 at 2014-05-29 18:51:26 -0700
Processing by MoviesController#new as HTML
  Rendered movies/new.html.haml within layouts/application (7.4ms)
Completed 200 OK in 19ms (Views: 19.1ms | ActiveRecord: 0.0ms)


Started GET "/assets/jquery.js?body=1" for 127.0.0.1 at 2014-05-29 18:51:26 -0700
Served asset /jquery.js - 304 Not Modified (1ms)


Started GET "/assets/jquery_ujs.js?body=1" for 127.0.0.1 at 2014-05-29 18:51:26 -0700
Served asset /jquery_ujs.js - 304 Not Modified (0ms)


Started POST "/movies" for 127.0.0.1 at 2014-05-29 18:51:34 -0700
Processing by MoviesController#create as HTML
  Parameters: {"utf8"=>"✓", "authenticity_token"=>"N0Rv4awJeX5C4BACgQCu4BNhkxGzD40KswrdbLEYk14=", "movie"=>{"title"=>"Yes I am", "rating"=>"G", "release_date(1i)"=>"2011", "release_date(2i)"=>"5", "release_date(3i)"=>"30"}, "commit"=>"Save Changes"}
  [1m[36m (0.3ms)[0m  [1mbegin transaction[0m
  [1m[35mSQL (0.7ms)[0m  INSERT INTO "movies" ("created_at", "description", "rating", "release_date", "title", "updated_at") VALUES (?, ?, ?, ?, ?, ?)  [["created_at", Fri, 30 May 2014 01:51:34 UTC +00:00], ["description", nil], ["rating", "G"], ["release_date", Mon, 30 May 2011 00:00:00 UTC +00:00], ["title", "Yes I am"], ["updated_at", Fri, 30 May 2014 01:51:34 UTC +00:00]]
  [1m[36m (132.8ms)[0m  [1mcommit transaction[0m
Redirected to http://localhost:3000/movies
Completed 302 Found in 148ms (ActiveRecord: 133.8ms)


Started GET "/movies" for 127.0.0.1 at 2014-05-29 18:51:34 -0700
Processing by MoviesController#index as HTML
  [1m[35mMovie Load (0.3ms)[0m  SELECT "movies".* FROM "movies" 
  Rendered movies/index.html.haml within layouts/application (1.8ms)
Completed 200 OK in 32ms (Views: 31.0ms | ActiveRecord: 0.3ms)


Started GET "/assets/jquery.js?body=1" for 127.0.0.1 at 2014-05-29 18:51:34 -0700
Served asset /jquery.js - 304 Not Modified (1ms)


Started GET "/assets/jquery_ujs.js?body=1" for 127.0.0.1 at 2014-05-29 18:51:34 -0700
Served asset /jquery_ujs.js - 304 Not Modified (0ms)


Started GET "/movies/new" for 127.0.0.1 at 2014-05-29 18:51:43 -0700
Processing by MoviesController#new as HTML
  Rendered movies/new.html.haml within layouts/application (3.1ms)
Completed 200 OK in 32ms (Views: 31.9ms | ActiveRecord: 0.0ms)


Started GET "/assets/jquery.js?body=1" for 127.0.0.1 at 2014-05-29 18:51:44 -0700
Served asset /jquery.js - 304 Not Modified (1ms)


Started GET "/assets/jquery_ujs.js?body=1" for 127.0.0.1 at 2014-05-29 18:51:44 -0700
Served asset /jquery_ujs.js - 304 Not Modified (13ms)


Started GET "/movies/create" for 127.0.0.1 at 2014-05-29 18:51:47 -0700
Processing by MoviesController#show as HTML
  Parameters: {"id"=>"create"}
  [1m[36mMovie Load (0.2ms)[0m  [1mSELECT "movies".* FROM "movies" WHERE "movies"."id" = ? LIMIT 1[0m  [["id", "create"]]
Completed 404 Not Found in 2ms

ActiveRecord::RecordNotFound (Couldn't find Movie with id=create):
  app/controllers/movies_controller.rb:5:in `show'


  Rendered /home/saasbook/.rvm/gems/ruby-1.9.3-p448/gems/actionpack-3.2.14/lib/action_dispatch/middleware/templates/rescues/_trace.erb (9.6ms)
  Rendered /home/saasbook/.rvm/gems/ruby-1.9.3-p448/gems/actionpack-3.2.14/lib/action_dispatch/middleware/templates/rescues/_request_and_response.erb (0.8ms)
  Rendered /home/saasbook/.rvm/gems/ruby-1.9.3-p448/gems/actionpack-3.2.14/lib/action_dispatch/middleware/templates/rescues/diagnostics.erb within rescues/layout (25.5ms)


Started POST "/movies" for 127.0.0.1 at 2014-05-29 19:01:15 -0700
Processing by MoviesController#create as HTML
  Parameters: {"utf8"=>"✓", "authenticity_token"=>"N0Rv4awJeX5C4BACgQCu4BNhkxGzD40KswrdbLEYk14=", "movie"=>{"title"=>"", "rating"=>"G", "release_date(1i)"=>"2014", "release_date(2i)"=>"5", "release_date(3i)"=>"30"}, "commit"=>"Save Changes"}
  [1m[35m (0.1ms)[0m  begin transaction
  [1m[36mSQL (7.9ms)[0m  [1mINSERT INTO "movies" ("created_at", "description", "rating", "release_date", "title", "updated_at") VALUES (?, ?, ?, ?, ?, ?)[0m  [["created_at", Fri, 30 May 2014 02:01:15 UTC +00:00], ["description", nil], ["rating", "G"], ["release_date", Fri, 30 May 2014 00:00:00 UTC +00:00], ["title", ""], ["updated_at", Fri, 30 May 2014 02:01:15 UTC +00:00]]
  [1m[35m (179.8ms)[0m  commit transaction
Redirected to http://localhost:3000/movies
Completed 302 Found in 196ms (ActiveRecord: 187.9ms)


Started GET "/movies" for 127.0.0.1 at 2014-05-29 19:01:15 -0700
Processing by MoviesController#index as HTML
  [1m[36mMovie Load (0.3ms)[0m  [1mSELECT "movies".* FROM "movies" [0m
  Rendered movies/index.html.haml within layouts/application (2.3ms)
Completed 200 OK in 32ms (Views: 30.5ms | ActiveRecord: 0.3ms)


Started GET "/assets/jquery.js?body=1" for 127.0.0.1 at 2014-05-29 19:01:15 -0700
Served asset /jquery.js - 304 Not Modified (14ms)


Started GET "/assets/jquery_ujs.js?body=1" for 127.0.0.1 at 2014-05-29 19:01:15 -0700
Served asset /jquery_ujs.js - 304 Not Modified (0ms)


Started GET "/movies/show" for 127.0.0.1 at 2014-05-29 19:01:53 -0700
Processing by MoviesController#show as HTML
  Parameters: {"id"=>"show"}
  [1m[35mMovie Load (0.2ms)[0m  SELECT "movies".* FROM "movies" WHERE "movies"."id" = ? LIMIT 1  [["id", "show"]]
Completed 404 Not Found in 5ms

ActiveRecord::RecordNotFound (Couldn't find Movie with id=show):
  app/controllers/movies_controller.rb:5:in `show'


  Rendered /home/saasbook/.rvm/gems/ruby-1.9.3-p448/gems/actionpack-3.2.14/lib/action_dispatch/middleware/templates/rescues/_trace.erb (9.7ms)
  Rendered /home/saasbook/.rvm/gems/ruby-1.9.3-p448/gems/actionpack-3.2.14/lib/action_dispatch/middleware/templates/rescues/_request_and_response.erb (1.1ms)
  Rendered /home/saasbook/.rvm/gems/ruby-1.9.3-p448/gems/actionpack-3.2.14/lib/action_dispatch/middleware/templates/rescues/diagnostics.erb within rescues/layout (29.1ms)


Started GET "/movies" for 127.0.0.1 at 2014-05-29 19:09:52 -0700
Connecting to database specified by database.yml
Processing by MoviesController#index as HTML
Completed 500 Internal Server Error in 0ms

NoMethodError (undefined method `each' for nil:NilClass):
  app/controllers/movies_controller.rb:25:in `index'


  Rendered /home/saasbook/.rvm/gems/ruby-1.9.3-p448/gems/actionpack-3.2.14/lib/action_dispatch/middleware/templates/rescues/_trace.erb (2.0ms)
  Rendered /home/saasbook/.rvm/gems/ruby-1.9.3-p448/gems/actionpack-3.2.14/lib/action_dispatch/middleware/templates/rescues/_request_and_response.erb (1.0ms)
  Rendered /home/saasbook/.rvm/gems/ruby-1.9.3-p448/gems/actionpack-3.2.14/lib/action_dispatch/middleware/templates/rescues/diagnostics.erb within rescues/layout (15.2ms)


Started GET "/movies" for 127.0.0.1 at 2014-05-29 19:10:00 -0700
Processing by MoviesController#index as HTML
Completed 500 Internal Server Error in 0ms

NoMethodError (undefined method `each' for nil:NilClass):
  app/controllers/movies_controller.rb:25:in `index'


  Rendered /home/saasbook/.rvm/gems/ruby-1.9.3-p448/gems/actionpack-3.2.14/lib/action_dispatch/middleware/templates/rescues/_trace.erb (1.5ms)
  Rendered /home/saasbook/.rvm/gems/ruby-1.9.3-p448/gems/actionpack-3.2.14/lib/action_dispatch/middleware/templates/rescues/_request_and_response.erb (1.0ms)
  Rendered /home/saasbook/.rvm/gems/ruby-1.9.3-p448/gems/actionpack-3.2.14/lib/action_dispatch/middleware/templates/rescues/diagnostics.erb within rescues/layout (29.1ms)


Started GET "/movies" for 127.0.0.1 at 2014-05-29 19:12:52 -0700
Connecting to database specified by database.yml
Processing by MoviesController#index as HTML
Completed 500 Internal Server Error in 0ms

NoMethodError (undefined method `each' for nil:NilClass):
  app/controllers/movies_controller.rb:25:in `index'


  Rendered /home/saasbook/.rvm/gems/ruby-1.9.3-p448/gems/actionpack-3.2.14/lib/action_dispatch/middleware/templates/rescues/_trace.erb (2.1ms)
  Rendered /home/saasbook/.rvm/gems/ruby-1.9.3-p448/gems/actionpack-3.2.14/lib/action_dispatch/middleware/templates/rescues/_request_and_response.erb (1.1ms)
  Rendered /home/saasbook/.rvm/gems/ruby-1.9.3-p448/gems/actionpack-3.2.14/lib/action_dispatch/middleware/templates/rescues/diagnostics.erb within rescues/layout (15.6ms)


Started GET "/movies" for 127.0.0.1 at 2014-05-29 19:19:46 -0700
Connecting to database specified by database.yml
  [1m[36mMovie Load (0.5ms)[0m  [1mSELECT rating FROM "movies" GROUP BY rating[0m
Processing by MoviesController#index as HTML
Redirected to http://localhost:3000/movies?ratings%5BG%5D=1&ratings%5BPG%5D=1
  [1m[35mMovie Load (0.3ms)[0m  SELECT "movies".* FROM "movies" ORDER BY id
Completed 302 Found in 2ms (ActiveRecord: 0.3ms)


Started GET "/movies?ratings%5BG%5D=1&ratings%5BPG%5D=1" for 127.0.0.1 at 2014-05-29 19:19:47 -0700
  [1m[36mMovie Load (0.2ms)[0m  [1mSELECT rating FROM "movies" GROUP BY rating[0m
Processing by MoviesController#index as HTML
  Parameters: {"ratings"=>{"G"=>"1", "PG"=>"1"}}
  [1m[35mMovie Load (0.2ms)[0m  SELECT "movies".* FROM "movies" ORDER BY id
  Rendered movies/index.html.haml within layouts/application (23.8ms)
Compiled application.css  (0ms)  (pid 2848)
Completed 200 OK in 170ms (Views: 169.3ms | ActiveRecord: 0.2ms)


Started GET "/assets/jquery.js?body=1" for 127.0.0.1 at 2014-05-29 19:19:47 -0700
Served asset /jquery.js - 304 Not Modified (21ms)


Started GET "/assets/jquery_ujs.js?body=1" for 127.0.0.1 at 2014-05-29 19:19:47 -0700
Served asset /jquery_ujs.js - 304 Not Modified (18ms)


Started GET "/movies?sort=title" for 127.0.0.1 at 2014-05-29 19:19:52 -0700
  [1m[36mMovie Load (0.2ms)[0m  [1mSELECT rating FROM "movies" GROUP BY rating[0m
Processing by MoviesController#index as HTML
  Parameters: {"sort"=>"title"}
Redirected to http://localhost:3000/movies?ratings%5BG%5D=1&ratings%5BPG%5D=1&sort=title
  [1m[35mMovie Load (0.2ms)[0m  SELECT "movies".* FROM "movies" ORDER BY title
Completed 302 Found in 1ms (ActiveRecord: 0.2ms)


Started GET "/movies?ratings%5BG%5D=1&ratings%5BPG%5D=1&sort=title" for 127.0.0.1 at 2014-05-29 19:19:52 -0700
  [1m[36mMovie Load (0.2ms)[0m  [1mSELECT rating FROM "movies" GROUP BY rating[0m
Processing by MoviesController#index as HTML
  Parameters: {"ratings"=>{"G"=>"1", "PG"=>"1"}, "sort"=>"title"}
  [1m[35mMovie Load (0.3ms)[0m  SELECT "movies".* FROM "movies" ORDER BY title
  Rendered movies/index.html.haml within layouts/application (11.3ms)
Completed 200 OK in 28ms (Views: 26.9ms | ActiveRecord: 0.3ms)


Started GET "/assets/jquery.js?body=1" for 127.0.0.1 at 2014-05-29 19:19:52 -0700
Served asset /jquery.js - 304 Not Modified (11ms)


Started GET "/assets/jquery_ujs.js?body=1" for 127.0.0.1 at 2014-05-29 19:19:52 -0700
Served asset /jquery_ujs.js - 304 Not Modified (0ms)


Started GET "/movies?sort=title" for 127.0.0.1 at 2014-05-29 19:19:53 -0700
  [1m[36mMovie Load (0.3ms)[0m  [1mSELECT rating FROM "movies" GROUP BY rating[0m
Processing by MoviesController#index as HTML
  Parameters: {"sort"=>"title"}
Redirected to http://localhost:3000/movies?ratings%5BG%5D=1&ratings%5BPG%5D=1&sort=title
  [1m[35mMovie Load (0.8ms)[0m  SELECT "movies".* FROM "movies" ORDER BY title
Completed 302 Found in 2ms (ActiveRecord: 0.8ms)


Started GET "/movies?ratings%5BG%5D=1&ratings%5BPG%5D=1&sort=title" for 127.0.0.1 at 2014-05-29 19:19:53 -0700
  [1m[36mMovie Load (0.2ms)[0m  [1mSELECT rating FROM "movies" GROUP BY rating[0m
Processing by MoviesController#index as HTML
  Parameters: {"ratings"=>{"G"=>"1", "PG"=>"1"}, "sort"=>"title"}
  [1m[35mMovie Load (0.1ms)[0m  SELECT "movies".* FROM "movies" ORDER BY title
  Rendered movies/index.html.haml within layouts/application (15.3ms)
Completed 200 OK in 31ms (Views: 29.7ms | ActiveRecord: 0.1ms)


Started GET "/assets/jquery.js?body=1" for 127.0.0.1 at 2014-05-29 19:19:53 -0700
Served asset /jquery.js - 304 Not Modified (17ms)


Started GET "/assets/jquery_ujs.js?body=1" for 127.0.0.1 at 2014-05-29 19:19:53 -0700
Served asset /jquery_ujs.js - 304 Not Modified (0ms)


Started GET "/movies?sort=title" for 127.0.0.1 at 2014-05-29 19:19:54 -0700
  [1m[36mMovie Load (0.2ms)[0m  [1mSELECT rating FROM "movies" GROUP BY rating[0m
Processing by MoviesController#index as HTML
  Parameters: {"sort"=>"title"}
Redirected to http://localhost:3000/movies?ratings%5BG%5D=1&ratings%5BPG%5D=1&sort=title
  [1m[35mMovie Load (0.2ms)[0m  SELECT "movies".* FROM "movies" ORDER BY title
Completed 302 Found in 1ms (ActiveRecord: 0.2ms)


Started GET "/movies?ratings%5BG%5D=1&ratings%5BPG%5D=1&sort=title" for 127.0.0.1 at 2014-05-29 19:19:54 -0700
  [1m[36mMovie Load (0.2ms)[0m  [1mSELECT rating FROM "movies" GROUP BY rating[0m
Processing by MoviesController#index as HTML
  Parameters: {"ratings"=>{"G"=>"1", "PG"=>"1"}, "sort"=>"title"}
  [1m[35mMovie Load (0.2ms)[0m  SELECT "movies".* FROM "movies" ORDER BY title
  Rendered movies/index.html.haml within layouts/application (5.8ms)
Completed 200 OK in 38ms (Views: 24.6ms | ActiveRecord: 0.2ms)


Started GET "/assets/jquery.js?body=1" for 127.0.0.1 at 2014-05-29 19:19:54 -0700
Served asset /jquery.js - 304 Not Modified (8ms)


Started GET "/assets/jquery_ujs.js?body=1" for 127.0.0.1 at 2014-05-29 19:19:54 -0700
Served asset /jquery_ujs.js - 304 Not Modified (6ms)


Started GET "/movies?sort=release_date" for 127.0.0.1 at 2014-05-29 19:19:57 -0700
  [1m[36mMovie Load (1.2ms)[0m  [1mSELECT rating FROM "movies" GROUP BY rating[0m
Processing by MoviesController#index as HTML
  Parameters: {"sort"=>"release_date"}
Redirected to http://localhost:3000/movies?ratings%5BG%5D=1&ratings%5BPG%5D=1&sort=release_date
  [1m[35mMovie Load (0.2ms)[0m  SELECT "movies".* FROM "movies" ORDER BY release_date
Completed 302 Found in 1ms (ActiveRecord: 0.2ms)


Started GET "/movies?ratings%5BG%5D=1&ratings%5BPG%5D=1&sort=release_date" for 127.0.0.1 at 2014-05-29 19:19:57 -0700
  [1m[36mMovie Load (0.2ms)[0m  [1mSELECT rating FROM "movies" GROUP BY rating[0m
Processing by MoviesController#index as HTML
  Parameters: {"ratings"=>{"G"=>"1", "PG"=>"1"}, "sort"=>"release_date"}
  [1m[35mMovie Load (0.2ms)[0m  SELECT "movies".* FROM "movies" ORDER BY release_date
  Rendered movies/index.html.haml within layouts/application (3.0ms)
Completed 200 OK in 32ms (Views: 31.4ms | ActiveRecord: 0.2ms)


Started GET "/assets/jquery.js?body=1" for 127.0.0.1 at 2014-05-29 19:19:57 -0700
Served asset /jquery.js - 304 Not Modified (6ms)


Started GET "/assets/jquery_ujs.js?body=1" for 127.0.0.1 at 2014-05-29 19:19:57 -0700
Served asset /jquery_ujs.js - 304 Not Modified (0ms)


Started GET "/movies?sort=title" for 127.0.0.1 at 2014-05-29 19:19:59 -0700
  [1m[36mMovie Load (0.2ms)[0m  [1mSELECT rating FROM "movies" GROUP BY rating[0m
Processing by MoviesController#index as HTML
  Parameters: {"sort"=>"title"}
Redirected to http://localhost:3000/movies?ratings%5BG%5D=1&ratings%5BPG%5D=1&sort=title
  [1m[35mMovie Load (0.2ms)[0m  SELECT "movies".* FROM "movies" ORDER BY title
Completed 302 Found in 1ms (ActiveRecord: 0.2ms)


Started GET "/movies?ratings%5BG%5D=1&ratings%5BPG%5D=1&sort=title" for 127.0.0.1 at 2014-05-29 19:19:59 -0700
  [1m[36mMovie Load (0.2ms)[0m  [1mSELECT rating FROM "movies" GROUP BY rating[0m
Processing by MoviesController#index as HTML
  Parameters: {"ratings"=>{"G"=>"1", "PG"=>"1"}, "sort"=>"title"}
  [1m[35mMovie Load (0.2ms)[0m  SELECT "movies".* FROM "movies" ORDER BY title
  Rendered movies/index.html.haml within layouts/application (9.1ms)
Completed 200 OK in 28ms (Views: 26.9ms | ActiveRecord: 0.2ms)


Started GET "/assets/jquery.js?body=1" for 127.0.0.1 at 2014-05-29 19:19:59 -0700
Served asset /jquery.js - 304 Not Modified (14ms)


Started GET "/assets/jquery_ujs.js?body=1" for 127.0.0.1 at 2014-05-29 19:19:59 -0700
Served asset /jquery_ujs.js - 304 Not Modified (0ms)


Started GET "/movies?utf8=%E2%9C%93&commit=Refresh" for 127.0.0.1 at 2014-05-29 19:20:01 -0700
  [1m[36mMovie Load (0.3ms)[0m  [1mSELECT rating FROM "movies" GROUP BY rating[0m
Processing by MoviesController#index as HTML
  Parameters: {"utf8"=>"✓", "commit"=>"Refresh"}
Redirected to http://localhost:3000/movies?ratings%5BG%5D=1&ratings%5BPG%5D=1&sort=title
  [1m[35mMovie Load (0.2ms)[0m  SELECT "movies".* FROM "movies" ORDER BY title
Completed 302 Found in 1ms (ActiveRecord: 0.2ms)


Started GET "/movies?ratings%5BG%5D=1&ratings%5BPG%5D=1&sort=title" for 127.0.0.1 at 2014-05-29 19:20:01 -0700
  [1m[36mMovie Load (0.2ms)[0m  [1mSELECT rating FROM "movies" GROUP BY rating[0m
Processing by MoviesController#index as HTML
  Parameters: {"ratings"=>{"G"=>"1", "PG"=>"1"}, "sort"=>"title"}
  [1m[35mMovie Load (0.2ms)[0m  SELECT "movies".* FROM "movies" ORDER BY title
  Rendered movies/index.html.haml within layouts/application (3.2ms)
Completed 200 OK in 27ms (Views: 26.1ms | ActiveRecord: 0.2ms)


Started GET "/assets/jquery.js?body=1" for 127.0.0.1 at 2014-05-29 19:20:02 -0700
Served asset /jquery.js - 304 Not Modified (1ms)


Started GET "/assets/jquery_ujs.js?body=1" for 127.0.0.1 at 2014-05-29 19:20:02 -0700
Served asset /jquery_ujs.js - 304 Not Modified (0ms)


Started GET "/movies?utf8=%E2%9C%93&ratings%5BG%5D=1&commit=Refresh" for 127.0.0.1 at 2014-05-29 19:20:04 -0700
  [1m[36mMovie Load (0.3ms)[0m  [1mSELECT rating FROM "movies" GROUP BY rating[0m
Processing by MoviesController#index as HTML
  Parameters: {"utf8"=>"✓", "ratings"=>{"G"=>"1"}, "commit"=>"Refresh"}
Redirected to http://localhost:3000/movies?ratings%5BG%5D=1&sort=title
  [1m[35mMovie Load (0.2ms)[0m  SELECT "movies".* FROM "movies" ORDER BY title
Completed 302 Found in 1ms (ActiveRecord: 0.2ms)


Started GET "/movies?ratings%5BG%5D=1&sort=title" for 127.0.0.1 at 2014-05-29 19:20:04 -0700
  [1m[36mMovie Load (0.2ms)[0m  [1mSELECT rating FROM "movies" GROUP BY rating[0m
Processing by MoviesController#index as HTML
  Parameters: {"ratings"=>{"G"=>"1"}, "sort"=>"title"}
  [1m[35mMovie Load (4.7ms)[0m  SELECT "movies".* FROM "movies" ORDER BY title
  Rendered movies/index.html.haml within layouts/application (12.7ms)
Completed 200 OK in 29ms (Views: 22.8ms | ActiveRecord: 4.7ms)


Started GET "/assets/jquery.js?body=1" for 127.0.0.1 at 2014-05-29 19:20:04 -0700
Served asset /jquery.js - 304 Not Modified (14ms)


Started GET "/assets/jquery_ujs.js?body=1" for 127.0.0.1 at 2014-05-29 19:20:04 -0700
Served asset /jquery_ujs.js - 304 Not Modified (0ms)


Started GET "/movies?utf8=%E2%9C%93&ratings%5BPG%5D=1&commit=Refresh" for 127.0.0.1 at 2014-05-29 19:20:07 -0700
  [1m[36mMovie Load (0.4ms)[0m  [1mSELECT rating FROM "movies" GROUP BY rating[0m
Processing by MoviesController#index as HTML
  Parameters: {"utf8"=>"✓", "ratings"=>{"PG"=>"1"}, "commit"=>"Refresh"}
Redirected to http://localhost:3000/movies?ratings%5BPG%5D=1&sort=title
  [1m[35mMovie Load (7.3ms)[0m  SELECT "movies".* FROM "movies" ORDER BY title
Completed 302 Found in 9ms (ActiveRecord: 7.3ms)


Started GET "/movies?ratings%5BPG%5D=1&sort=title" for 127.0.0.1 at 2014-05-29 19:20:07 -0700
  [1m[36mMovie Load (0.2ms)[0m  [1mSELECT rating FROM "movies" GROUP BY rating[0m
Processing by MoviesController#index as HTML
  Parameters: {"ratings"=>{"PG"=>"1"}, "sort"=>"title"}
  [1m[35mMovie Load (0.3ms)[0m  SELECT "movies".* FROM "movies" ORDER BY title
  Rendered movies/index.html.haml within layouts/application (1.7ms)
Completed 200 OK in 17ms (Views: 16.3ms | ActiveRecord: 0.3ms)


Started GET "/assets/jquery.js?body=1" for 127.0.0.1 at 2014-05-29 19:20:08 -0700
Served asset /jquery.js - 304 Not Modified (27ms)


Started GET "/assets/jquery_ujs.js?body=1" for 127.0.0.1 at 2014-05-29 19:20:08 -0700
Served asset /jquery_ujs.js - 304 Not Modified (0ms)


Started GET "/movies?utf8=%E2%9C%93&ratings%5BG%5D=1&commit=Refresh" for 127.0.0.1 at 2014-05-29 19:20:10 -0700
  [1m[36mMovie Load (0.3ms)[0m  [1mSELECT rating FROM "movies" GROUP BY rating[0m
Processing by MoviesController#index as HTML
  Parameters: {"utf8"=>"✓", "ratings"=>{"G"=>"1"}, "commit"=>"Refresh"}
Redirected to http://localhost:3000/movies?ratings%5BG%5D=1&sort=title
  [1m[35mMovie Load (0.2ms)[0m  SELECT "movies".* FROM "movies" ORDER BY title
Completed 302 Found in 1ms (ActiveRecord: 0.2ms)


Started GET "/movies?ratings%5BG%5D=1&sort=title" for 127.0.0.1 at 2014-05-29 19:20:10 -0700
  [1m[36mMovie Load (0.3ms)[0m  [1mSELECT rating FROM "movies" GROUP BY rating[0m
Processing by MoviesController#index as HTML
  Parameters: {"ratings"=>{"G"=>"1"}, "sort"=>"title"}
  [1m[35mMovie Load (0.2ms)[0m  SELECT "movies".* FROM "movies" ORDER BY title
  Rendered movies/index.html.haml within layouts/application (9.2ms)
Completed 200 OK in 22ms (Views: 20.7ms | ActiveRecord: 0.2ms)


Started GET "/assets/jquery.js?body=1" for 127.0.0.1 at 2014-05-29 19:20:10 -0700
Served asset /jquery.js - 304 Not Modified (23ms)


Started GET "/assets/jquery_ujs.js?body=1" for 127.0.0.1 at 2014-05-29 19:20:10 -0700
Served asset /jquery_ujs.js - 304 Not Modified (0ms)


Started GET "/movies" for 127.0.0.1 at 2014-05-29 19:20:13 -0700
  [1m[36mMovie Load (0.4ms)[0m  [1mSELECT rating FROM "movies" GROUP BY rating[0m
Processing by MoviesController#index as HTML
Redirected to http://localhost:3000/movies?ratings%5BG%5D=1&sort=title
  [1m[35mMovie Load (0.4ms)[0m  SELECT "movies".* FROM "movies" ORDER BY title
Completed 302 Found in 8ms (ActiveRecord: 0.4ms)


Started GET "/movies?ratings%5BG%5D=1&sort=title" for 127.0.0.1 at 2014-05-29 19:20:13 -0700
  [1m[36mMovie Load (0.3ms)[0m  [1mSELECT rating FROM "movies" GROUP BY rating[0m
Processing by MoviesController#index as HTML
  Parameters: {"ratings"=>{"G"=>"1"}, "sort"=>"title"}
  [1m[35mMovie Load (0.3ms)[0m  SELECT "movies".* FROM "movies" ORDER BY title
  Rendered movies/index.html.haml within layouts/application (5.2ms)
Completed 200 OK in 12ms (Views: 10.6ms | ActiveRecord: 0.3ms)


Started GET "/assets/jquery.js?body=1" for 127.0.0.1 at 2014-05-29 19:20:13 -0700
Served asset /jquery.js - 304 Not Modified (13ms)


Started GET "/assets/jquery_ujs.js?body=1" for 127.0.0.1 at 2014-05-29 19:20:13 -0700
Served asset /jquery_ujs.js - 304 Not Modified (0ms)


Started GET "/movies?ratings[G]=1&sort=title" for 127.0.0.1 at 2014-05-29 19:20:15 -0700
  [1m[36mMovie Load (0.2ms)[0m  [1mSELECT rating FROM "movies" GROUP BY rating[0m
Processing by MoviesController#index as HTML
  Parameters: {"ratings"=>{"G"=>"1"}, "sort"=>"title"}
  [1m[35mMovie Load (0.5ms)[0m  SELECT "movies".* FROM "movies" ORDER BY title
  Rendered movies/index.html.haml within layouts/application (16.0ms)
Completed 200 OK in 43ms (Views: 24.5ms | ActiveRecord: 0.5ms)


Started GET "/assets/jquery.js?body=1" for 127.0.0.1 at 2014-05-29 19:20:15 -0700
Served asset /jquery.js - 304 Not Modified (5ms)


Started GET "/assets/jquery_ujs.js?body=1" for 127.0.0.1 at 2014-05-29 19:20:16 -0700
Served asset /jquery_ujs.js - 304 Not Modified (0ms)


Started GET "/movies" for 127.0.0.1 at 2014-05-29 19:20:19 -0700
  [1m[36mMovie Load (0.2ms)[0m  [1mSELECT rating FROM "movies" GROUP BY rating[0m
Processing by MoviesController#index as HTML
Redirected to http://localhost:3000/movies?ratings%5BG%5D=1&sort=title
  [1m[35mMovie Load (0.2ms)[0m  SELECT "movies".* FROM "movies" ORDER BY title
Completed 302 Found in 1ms (ActiveRecord: 0.2ms)


Started GET "/movies?ratings%5BG%5D=1&sort=title" for 127.0.0.1 at 2014-05-29 19:20:19 -0700
  [1m[36mMovie Load (0.3ms)[0m  [1mSELECT rating FROM "movies" GROUP BY rating[0m
Processing by MoviesController#index as HTML
  Parameters: {"ratings"=>{"G"=>"1"}, "sort"=>"title"}
  [1m[35mMovie Load (0.3ms)[0m  SELECT "movies".* FROM "movies" ORDER BY title
  Rendered movies/index.html.haml within layouts/application (6.1ms)
Completed 200 OK in 25ms (Views: 23.8ms | ActiveRecord: 0.3ms)


Started GET "/assets/jquery.js?body=1" for 127.0.0.1 at 2014-05-29 19:20:19 -0700
Served asset /jquery.js - 304 Not Modified (12ms)


Started GET "/assets/jquery_ujs.js?body=1" for 127.0.0.1 at 2014-05-29 19:20:19 -0700
Served asset /jquery_ujs.js - 304 Not Modified (0ms)


Started GET "/movies?utf8=%E2%9C%93&ratings%5BG%5D=1&ratings%5BPG%5D=1&commit=Refresh" for 127.0.0.1 at 2014-05-29 19:20:21 -0700
  [1m[36mMovie Load (0.2ms)[0m  [1mSELECT rating FROM "movies" GROUP BY rating[0m
Processing by MoviesController#index as HTML
  Parameters: {"utf8"=>"✓", "ratings"=>{"G"=>"1", "PG"=>"1"}, "commit"=>"Refresh"}
Redirected to http://localhost:3000/movies?ratings%5BG%5D=1&ratings%5BPG%5D=1&sort=title
  [1m[35mMovie Load (0.2ms)[0m  SELECT "movies".* FROM "movies" ORDER BY title
Completed 302 Found in 1ms (ActiveRecord: 0.2ms)


Started GET "/movies?ratings%5BG%5D=1&ratings%5BPG%5D=1&sort=title" for 127.0.0.1 at 2014-05-29 19:20:21 -0700
  [1m[36mMovie Load (0.2ms)[0m  [1mSELECT rating FROM "movies" GROUP BY rating[0m
Processing by MoviesController#index as HTML
  Parameters: {"ratings"=>{"G"=>"1", "PG"=>"1"}, "sort"=>"title"}
  [1m[35mMovie Load (0.2ms)[0m  SELECT "movies".* FROM "movies" ORDER BY title
  Rendered movies/index.html.haml within layouts/application (2.8ms)
Completed 200 OK in 25ms (Views: 23.7ms | ActiveRecord: 0.2ms)


Started GET "/assets/jquery.js?body=1" for 127.0.0.1 at 2014-05-29 19:20:21 -0700
Served asset /jquery.js - 304 Not Modified (1ms)


Started GET "/assets/jquery_ujs.js?body=1" for 127.0.0.1 at 2014-05-29 19:20:21 -0700
Served asset /jquery_ujs.js - 304 Not Modified (0ms)


Started GET "/movies?sort=title" for 127.0.0.1 at 2014-05-29 19:20:22 -0700
  [1m[36mMovie Load (0.3ms)[0m  [1mSELECT rating FROM "movies" GROUP BY rating[0m
Processing by MoviesController#index as HTML
  Parameters: {"sort"=>"title"}
Redirected to http://localhost:3000/movies?ratings%5BG%5D=1&ratings%5BPG%5D=1&sort=title
  [1m[35mMovie Load (0.2ms)[0m  SELECT "movies".* FROM "movies" ORDER BY title
Completed 302 Found in 1ms (ActiveRecord: 0.2ms)


Started GET "/movies?ratings%5BG%5D=1&ratings%5BPG%5D=1&sort=title" for 127.0.0.1 at 2014-05-29 19:20:22 -0700
  [1m[36mMovie Load (0.2ms)[0m  [1mSELECT rating FROM "movies" GROUP BY rating[0m
Processing by MoviesController#index as HTML
  Parameters: {"ratings"=>{"G"=>"1", "PG"=>"1"}, "sort"=>"title"}
  [1m[35mMovie Load (0.3ms)[0m  SELECT "movies".* FROM "movies" ORDER BY title
  Rendered movies/index.html.haml within layouts/application (15.4ms)
Completed 200 OK in 29ms (Views: 28.3ms | ActiveRecord: 0.3ms)


Started GET "/assets/jquery_ujs.js?body=1" for 127.0.0.1 at 2014-05-29 19:20:23 -0700
Served asset /jquery_ujs.js - 304 Not Modified (31ms)


Started GET "/assets/jquery.js?body=1" for 127.0.0.1 at 2014-05-29 19:20:23 -0700
Served asset /jquery.js - 304 Not Modified (13ms)


Started GET "/movies" for 127.0.0.1 at 2014-05-29 19:24:49 -0700
Connecting to database specified by database.yml
  [1m[36mMovie Load (4.1ms)[0m  [1mSELECT rating FROM "movies" GROUP BY rating[0m
Processing by MoviesController#index as HTML
Redirected to http://localhost:3000/movies?ratings%5BG%5D=1&ratings%5BPG%5D=1&sort=title
  [1m[35mMovie Load (0.3ms)[0m  SELECT "movies".* FROM "movies" ORDER BY title
Completed 302 Found in 3ms (ActiveRecord: 0.3ms)


Started GET "/movies?ratings%5BG%5D=1&ratings%5BPG%5D=1&sort=title" for 127.0.0.1 at 2014-05-29 19:24:50 -0700
  [1m[36mMovie Load (0.2ms)[0m  [1mSELECT rating FROM "movies" GROUP BY rating[0m
Processing by MoviesController#index as HTML
  Parameters: {"ratings"=>{"G"=>"1", "PG"=>"1"}, "sort"=>"title"}
  [1m[35mMovie Load (0.3ms)[0m  SELECT "movies".* FROM "movies" ORDER BY title
  Rendered movies/index.html.haml within layouts/application (28.3ms)
Compiled application.css  (0ms)  (pid 2927)
Completed 200 OK in 156ms (Views: 154.4ms | ActiveRecord: 0.3ms)


Started GET "/assets/jquery_ujs.js?body=1" for 127.0.0.1 at 2014-05-29 19:24:50 -0700
Served asset /jquery_ujs.js - 304 Not Modified (17ms)


Started GET "/assets/jquery.js?body=1" for 127.0.0.1 at 2014-05-29 19:24:50 -0700
Served asset /jquery.js - 304 Not Modified (17ms)


Started GET "/movies?sort=title" for 127.0.0.1 at 2014-05-29 19:24:52 -0700
  [1m[36mMovie Load (0.2ms)[0m  [1mSELECT rating FROM "movies" GROUP BY rating[0m
Processing by MoviesController#index as HTML
  Parameters: {"sort"=>"title"}
Redirected to http://localhost:3000/movies?ratings%5BG%5D=1&ratings%5BPG%5D=1&sort=title
  [1m[35mMovie Load (0.2ms)[0m  SELECT "movies".* FROM "movies" ORDER BY title
Completed 302 Found in 2ms (ActiveRecord: 0.2ms)


Started GET "/movies?ratings%5BG%5D=1&ratings%5BPG%5D=1&sort=title" for 127.0.0.1 at 2014-05-29 19:24:52 -0700
  [1m[36mMovie Load (0.2ms)[0m  [1mSELECT rating FROM "movies" GROUP BY rating[0m
Processing by MoviesController#index as HTML
  Parameters: {"ratings"=>{"G"=>"1", "PG"=>"1"}, "sort"=>"title"}
  [1m[35mMovie Load (0.2ms)[0m  SELECT "movies".* FROM "movies" ORDER BY title
  Rendered movies/index.html.haml within layouts/application (5.0ms)
Completed 200 OK in 30ms (Views: 15.0ms | ActiveRecord: 0.2ms)


Started GET "/assets/jquery.js?body=1" for 127.0.0.1 at 2014-05-29 19:24:52 -0700
Served asset /jquery.js - 304 Not Modified (25ms)


Started GET "/assets/jquery_ujs.js?body=1" for 127.0.0.1 at 2014-05-29 19:24:52 -0700
Served asset /jquery_ujs.js - 304 Not Modified (0ms)


Started GET "/movies" for 127.0.0.1 at 2014-05-29 19:31:01 -0700
Connecting to database specified by database.yml
  [1m[36mMovie Load (0.6ms)[0m  [1mSELECT rating FROM "movies" GROUP BY rating[0m
Processing by MoviesController#index as HTML
Redirected to http://localhost:3000/movies?ratings%5BG%5D=1&ratings%5BPG%5D=1&sort=title
  [1m[35mMovie Load (4.0ms)[0m  SELECT "movies".* FROM "movies" ORDER BY title
Completed 302 Found in 6ms (ActiveRecord: 4.0ms)


Started GET "/movies?ratings%5BG%5D=1&ratings%5BPG%5D=1&sort=title" for 127.0.0.1 at 2014-05-29 19:31:01 -0700
  [1m[36mMovie Load (0.2ms)[0m  [1mSELECT rating FROM "movies" GROUP BY rating[0m
Processing by MoviesController#index as HTML
  Parameters: {"ratings"=>{"G"=>"1", "PG"=>"1"}, "sort"=>"title"}
  [1m[35mMovie Load (0.3ms)[0m  SELECT "movies".* FROM "movies" ORDER BY title
  Rendered movies/index.html.haml within layouts/application (21.8ms)
Compiled application.css  (0ms)  (pid 2956)
Completed 200 OK in 153ms (Views: 151.6ms | ActiveRecord: 0.3ms)


Started GET "/assets/jquery.js?body=1" for 127.0.0.1 at 2014-05-29 19:31:01 -0700
Served asset /jquery.js - 304 Not Modified (20ms)


Started GET "/assets/jquery_ujs.js?body=1" for 127.0.0.1 at 2014-05-29 19:31:02 -0700
Served asset /jquery_ujs.js - 304 Not Modified (12ms)


Started GET "/movies?sort=title" for 127.0.0.1 at 2014-05-29 19:31:03 -0700
  [1m[36mMovie Load (0.2ms)[0m  [1mSELECT rating FROM "movies" GROUP BY rating[0m
Processing by MoviesController#index as HTML
  Parameters: {"sort"=>"title"}
Redirected to http://localhost:3000/movies?ratings%5BG%5D=1&ratings%5BPG%5D=1&sort=title
  [1m[35mMovie Load (0.2ms)[0m  SELECT "movies".* FROM "movies" ORDER BY title
Completed 302 Found in 2ms (ActiveRecord: 0.2ms)


Started GET "/movies?ratings%5BG%5D=1&ratings%5BPG%5D=1&sort=title" for 127.0.0.1 at 2014-05-29 19:31:03 -0700
  [1m[36mMovie Load (5.5ms)[0m  [1mSELECT rating FROM "movies" GROUP BY rating[0m
Processing by MoviesController#index as HTML
  Parameters: {"ratings"=>{"G"=>"1", "PG"=>"1"}, "sort"=>"title"}
  [1m[35mMovie Load (0.3ms)[0m  SELECT "movies".* FROM "movies" ORDER BY title
  Rendered movies/index.html.haml within layouts/application (2.9ms)
Completed 200 OK in 22ms (Views: 20.5ms | ActiveRecord: 0.3ms)


Started GET "/assets/jquery_ujs.js?body=1" for 127.0.0.1 at 2014-05-29 19:31:03 -0700
Served asset /jquery_ujs.js - 304 Not Modified (0ms)


Started GET "/assets/jquery.js?body=1" for 127.0.0.1 at 2014-05-29 19:31:03 -0700
Served asset /jquery.js - 304 Not Modified (1ms)


Started GET "/movies?sort=title" for 127.0.0.1 at 2014-05-29 19:31:04 -0700
  [1m[36mMovie Load (0.2ms)[0m  [1mSELECT rating FROM "movies" GROUP BY rating[0m
Processing by MoviesController#index as HTML
  Parameters: {"sort"=>"title"}
Redirected to http://localhost:3000/movies?ratings%5BG%5D=1&ratings%5BPG%5D=1&sort=title
  [1m[35mMovie Load (0.2ms)[0m  SELECT "movies".* FROM "movies" ORDER BY title
Completed 302 Found in 2ms (ActiveRecord: 0.2ms)


Started GET "/movies?ratings%5BG%5D=1&ratings%5BPG%5D=1&sort=title" for 127.0.0.1 at 2014-05-29 19:31:04 -0700
  [1m[36mMovie Load (5.5ms)[0m  [1mSELECT rating FROM "movies" GROUP BY rating[0m
Processing by MoviesController#index as HTML
  Parameters: {"ratings"=>{"G"=>"1", "PG"=>"1"}, "sort"=>"title"}
  [1m[35mMovie Load (0.2ms)[0m  SELECT "movies".* FROM "movies" ORDER BY title
  Rendered movies/index.html.haml within layouts/application (13.9ms)
Completed 200 OK in 21ms (Views: 20.3ms | ActiveRecord: 0.2ms)


Started GET "/assets/jquery.js?body=1" for 127.0.0.1 at 2014-05-29 19:31:04 -0700
Served asset /jquery.js - 304 Not Modified (18ms)


Started GET "/assets/jquery_ujs.js?body=1" for 127.0.0.1 at 2014-05-29 19:31:04 -0700
Served asset /jquery_ujs.js - 304 Not Modified (8ms)


Started GET "/movies?sort=title" for 127.0.0.1 at 2014-05-29 19:31:05 -0700
  [1m[36mMovie Load (0.4ms)[0m  [1mSELECT rating FROM "movies" GROUP BY rating[0m
Processing by MoviesController#index as HTML
  Parameters: {"sort"=>"title"}
Redirected to http://localhost:3000/movies?ratings%5BG%5D=1&ratings%5BPG%5D=1&sort=title
  [1m[35mMovie Load (0.2ms)[0m  SELECT "movies".* FROM "movies" ORDER BY title
Completed 302 Found in 1ms (ActiveRecord: 0.2ms)


Started GET "/movies?ratings%5BG%5D=1&ratings%5BPG%5D=1&sort=title" for 127.0.0.1 at 2014-05-29 19:31:05 -0700
  [1m[36mMovie Load (1.0ms)[0m  [1mSELECT rating FROM "movies" GROUP BY rating[0m
Processing by MoviesController#index as HTML
  Parameters: {"ratings"=>{"G"=>"1", "PG"=>"1"}, "sort"=>"title"}
  [1m[35mMovie Load (9.0ms)[0m  SELECT "movies".* FROM "movies" ORDER BY title
  Rendered movies/index.html.haml within layouts/application (7.0ms)
Completed 200 OK in 30ms (Views: 20.4ms | ActiveRecord: 9.0ms)


Started GET "/assets/jquery.js?body=1" for 127.0.0.1 at 2014-05-29 19:31:05 -0700
Served asset /jquery.js - 304 Not Modified (1ms)


Started GET "/assets/jquery_ujs.js?body=1" for 127.0.0.1 at 2014-05-29 19:31:05 -0700
Served asset /jquery_ujs.js - 304 Not Modified (10ms)


Started GET "/movies?sort=release_date" for 127.0.0.1 at 2014-05-29 19:31:07 -0700
  [1m[36mMovie Load (0.2ms)[0m  [1mSELECT rating FROM "movies" GROUP BY rating[0m
Processing by MoviesController#index as HTML
  Parameters: {"sort"=>"release_date"}
Redirected to http://localhost:3000/movies?ratings%5BG%5D=1&ratings%5BPG%5D=1&sort=release_date
  [1m[35mMovie Load (0.3ms)[0m  SELECT "movies".* FROM "movies" ORDER BY release_date
Completed 302 Found in 1ms (ActiveRecord: 0.3ms)


Started GET "/movies?ratings%5BG%5D=1&ratings%5BPG%5D=1&sort=release_date" for 127.0.0.1 at 2014-05-29 19:31:07 -0700
  [1m[36mMovie Load (0.2ms)[0m  [1mSELECT rating FROM "movies" GROUP BY rating[0m
Processing by MoviesController#index as HTML
  Parameters: {"ratings"=>{"G"=>"1", "PG"=>"1"}, "sort"=>"release_date"}
  [1m[35mMovie Load (0.2ms)[0m  SELECT "movies".* FROM "movies" ORDER BY release_date
  Rendered movies/index.html.haml within layouts/application (6.9ms)
Completed 200 OK in 30ms (Views: 28.9ms | ActiveRecord: 0.2ms)


Started GET "/assets/jquery.js?body=1" for 127.0.0.1 at 2014-05-29 19:31:07 -0700
Served asset /jquery.js - 304 Not Modified (10ms)


Started GET "/assets/jquery_ujs.js?body=1" for 127.0.0.1 at 2014-05-29 19:31:07 -0700
Served asset /jquery_ujs.js - 304 Not Modified (0ms)


Started GET "/movies?sort=title" for 127.0.0.1 at 2014-05-29 19:31:11 -0700
  [1m[36mMovie Load (0.2ms)[0m  [1mSELECT rating FROM "movies" GROUP BY rating[0m
Processing by MoviesController#index as HTML
  Parameters: {"sort"=>"title"}
Redirected to http://localhost:3000/movies?ratings%5BG%5D=1&ratings%5BPG%5D=1&sort=title
  [1m[35mMovie Load (0.2ms)[0m  SELECT "movies".* FROM "movies" ORDER BY title
Completed 302 Found in 1ms (ActiveRecord: 0.2ms)


Started GET "/movies?ratings%5BG%5D=1&ratings%5BPG%5D=1&sort=title" for 127.0.0.1 at 2014-05-29 19:31:11 -0700
  [1m[36mMovie Load (0.2ms)[0m  [1mSELECT rating FROM "movies" GROUP BY rating[0m
Processing by MoviesController#index as HTML
  Parameters: {"ratings"=>{"G"=>"1", "PG"=>"1"}, "sort"=>"title"}
  [1m[35mMovie Load (0.8ms)[0m  SELECT "movies".* FROM "movies" ORDER BY title
  Rendered movies/index.html.haml within layouts/application (7.0ms)
Completed 200 OK in 25ms (Views: 22.4ms | ActiveRecord: 0.8ms)


Started GET "/assets/jquery.js?body=1" for 127.0.0.1 at 2014-05-29 19:31:11 -0700
Served asset /jquery.js - 304 Not Modified (1ms)


Started GET "/assets/jquery_ujs.js?body=1" for 127.0.0.1 at 2014-05-29 19:31:11 -0700
Served asset /jquery_ujs.js - 304 Not Modified (0ms)
