Connecting to database specified by database.yml
Compiled jquery.js  (3ms)  (pid 7161)
Compiled jquery_ujs.js  (0ms)  (pid 7161)
Compiled application.js  (68ms)  (pid 7161)
Compiled application.css  (0ms)  (pid 7161)
Connecting to database specified by database.yml
Compiled jquery.js  (2ms)  (pid 7161)
Compiled jquery_ujs.js  (0ms)  (pid 7161)
Compiled application.js  (25ms)  (pid 7161)
Compiled application.css  (0ms)  (pid 7161)
Connecting to database specified by database.yml
Compiled jquery.js  (2ms)  (pid 7183)
Compiled jquery_ujs.js  (0ms)  (pid 7183)
Compiled application.js  (25ms)  (pid 7183)
Compiled application.css  (0ms)  (pid 7183)
Connecting to database specified by database.yml
Compiled jquery.js  (5ms)  (pid 7183)
Compiled jquery_ujs.js  (0ms)  (pid 7183)
Compiled application.js  (28ms)  (pid 7183)
Compiled application.css  (0ms)  (pid 7183)
Connecting to database specified by database.yml
Compiled jquery.js  (14ms)  (pid 1879)
Compiled jquery_ujs.js  (0ms)  (pid 1879)
Compiled application.js  (109ms)  (pid 1879)
Compiled application.css  (1ms)  (pid 1879)
Connecting to database specified by database.yml
Compiled jquery.js  (10ms)  (pid 1879)
Compiled jquery_ujs.js  (0ms)  (pid 1879)
Compiled application.js  (41ms)  (pid 1879)
Compiled application.css  (0ms)  (pid 1879)
